#
# There is insufficient memory for the Java Runtime Environment to continue.
# Native memory allocation (malloc) failed to allocate 32744 bytes for ChunkPool::allocate
# Possible reasons:
#   The system is out of physical RAM or swap space
#   In 32 bit mode, the process size limit was hit
# Possible solutions:
#   Reduce memory load on the system
#   Increase physical memory or swap space
#   Check if swap backing store is full
#   Use 64 bit Java on a 64 bit OS
#   Decrease Java heap size (-Xmx/-Xms)
#   Decrease number of Java threads
#   Decrease Java thread stack sizes (-Xss)
#   Set larger code cache with -XX:ReservedCodeCacheSize=
# This output file may be truncated or incomplete.
#
#  Out of Memory Error (allocation.cpp:273), pid=10672, tid=0x00000000000022a4
#
# JRE version: OpenJDK Runtime Environment (8.0_112-b06) (build 1.8.0_112-release-b06)
# Java VM: OpenJDK 64-Bit Server VM (25.112-b06 mixed mode windows-amd64 compressed oops)
# Failed to write core dump. Minidumps are not enabled by default on client versions of Windows
#

---------------  T H R E A D  ---------------

Current thread (0x0000000015f88800):  JavaThread "C2 CompilerThread0" daemon [_thread_in_native, id=8868, stack(0x00000000175e0000,0x00000000176e0000)]

Stack: [0x00000000175e0000,0x00000000176e0000]
[error occurred during error reporting (printing stack bounds), id 0xc0000005]

Native frames: (J=compiled Java code, j=interpreted, Vv=VM code, C=native code)


Current CompileTask:
C2: 101913 3310       4       java.net.URLClassLoader$1::run (5 bytes)


---------------  P R O C E S S  ---------------

Java Threads: ( => current thread )
  0x00000000189f1800 JavaThread "File lock request listener" [_thread_in_native, id=7328, stack(0x000000001baf0000,0x000000001bbf0000)]
  0x0000000018c39800 JavaThread "pool-1-thread-1" [_thread_blocked, id=3532, stack(0x000000001a620000,0x000000001a720000)]
  0x00000000186cc000 JavaThread "Stdin handler" [_thread_blocked, id=13680, stack(0x000000001a520000,0x000000001a620000)]
  0x00000000186cb000 JavaThread "Asynchronous log dispatcher for DefaultDaemonConnection: socket connection from /127.0.0.1:51639 to /127.0.0.1:51643" [_thread_blocked, id=12968, stack(0x000000001a420000,0x000000001a520000)]
  0x0000000018bbc800 JavaThread "Daemon worker" [_thread_in_vm, id=748, stack(0x000000001a320000,0x000000001a420000)]
  0x00000000185f5800 JavaThread "Cancel handler" [_thread_blocked, id=11004, stack(0x000000001a220000,0x000000001a320000)]
  0x0000000017b7b800 JavaThread "Handler for socket connection from /127.0.0.1:51639 to /127.0.0.1:51643" [_thread_in_native, id=12880, stack(0x000000001a120000,0x000000001a220000)]
  0x0000000017b7b000 JavaThread "Daemon" [_thread_blocked, id=14688, stack(0x0000000019e20000,0x0000000019f20000)]
  0x0000000018a0d800 JavaThread "Incoming local TCP Connector on port 51639" [_thread_in_native, id=8500, stack(0x0000000019bf0000,0x0000000019cf0000)]
  0x00000000177e9000 JavaThread "Service Thread" daemon [_thread_blocked, id=12080, stack(0x0000000017ce0000,0x0000000017de0000)]
  0x0000000015fd8000 JavaThread "C1 CompilerThread2" daemon [_thread_blocked, id=11792, stack(0x0000000017be0000,0x0000000017ce0000)]
  0x0000000015f7c000 JavaThread "C2 CompilerThread1" daemon [_thread_in_native, id=3680, stack(0x00000000176e0000,0x00000000177e0000)]
=>0x0000000015f88800 JavaThread "C2 CompilerThread0" daemon [_thread_in_native, id=8868, stack(0x00000000175e0000,0x00000000176e0000)]
  0x0000000015f87800 JavaThread "Attach Listener" daemon [_thread_blocked, id=12836, stack(0x00000000174e0000,0x00000000175e0000)]
  0x0000000015f86000 JavaThread "Signal Dispatcher" daemon [_thread_blocked, id=10060, stack(0x00000000173e0000,0x00000000174e0000)]
  0x0000000015f68800 JavaThread "Finalizer" daemon [_thread_blocked, id=10448, stack(0x00000000171f0000,0x00000000172f0000)]
  0x0000000002601000 JavaThread "Reference Handler" daemon [_thread_blocked, id=15236, stack(0x00000000170f0000,0x00000000171f0000)]
  0x0000000002510800 JavaThread "main" [_thread_blocked, id=2312, stack(0x00000000023a0000,0x00000000024a0000)]

Other Threads:
  0x0000000015f44800 VMThread [stack: 0x0000000016ff0000,0x00000000170f0000] [id=10116]
  0x00000000177ed000 WatcherThread [stack: 0x0000000017de0000,0x0000000017ee0000] [id=9324]

VM state:not at safepoint (normal execution)

VM Mutex/Monitor currently owned by a thread: None

Heap:
 PSYoungGen      total 40448K, used 36410K [0x00000000e0000000, 0x00000000e3180000, 0x0000000100000000)
  eden space 31232K, 100% used [0x00000000e0000000,0x00000000e1e80000,0x00000000e1e80000)
  from space 9216K, 56% used [0x00000000e2880000,0x00000000e2d8eb28,0x00000000e3180000)
  to   space 9728K, 0% used [0x00000000e1e80000,0x00000000e1e80000,0x00000000e2800000)
 ParOldGen       total 47616K, used 9056K [0x00000000a0000000, 0x00000000a2e80000, 0x00000000e0000000)
  object space 47616K, 19% used [0x00000000a0000000,0x00000000a08d8310,0x00000000a2e80000)
 Metaspace       used 33493K, capacity 34002K, committed 34432K, reserved 1079296K
  class space    used 4483K, capacity 4643K, committed 4736K, reserved 1048576K

Card table byte_map: [0x00000000119d0000,0x0000000011ce0000] byte_map_base: 0x00000000114d0000

Marking Bits: (ParMarkBitMap*) 0x000000005a8518f0
 Begin Bits: [0x00000000122e0000, 0x0000000013ae0000)
 End Bits:   [0x0000000013ae0000, 0x00000000152e0000)

Polling page: 0x0000000000870000

CodeCache: size=245760Kb used=12232Kb max_used=12232Kb free=233527Kb
 bounds [0x0000000002610000, 0x0000000003210000, 0x0000000011610000]
 total_blobs=3824 nmethods=3126 adapters=611
 compilation: enabled

Compilation events (10 events):
Event: 101.859 Thread 0x0000000015fd8000 3331   !   3       org.gradle.internal.service.DefaultServiceRegistry$ParentServices::getService (82 bytes)
Event: 101.860 Thread 0x0000000015fd8000 nmethod 3331 0x000000000320b550 code [0x000000000320b720, 0x000000000320bef8]
Event: 101.866 Thread 0x0000000015fd8000 3332       3       java.util.Collections::addAll (43 bytes)
Event: 101.866 Thread 0x0000000015fd8000 nmethod 3332 0x000000000320c2d0 code [0x000000000320c440, 0x000000000320c748]
Event: 101.867 Thread 0x0000000015fd8000 3333       3       com.google.common.collect.LinkedHashMultimap::succeedsInMultimap (11 bytes)
Event: 101.867 Thread 0x0000000015fd8000 nmethod 3333 0x000000000320c890 code [0x000000000320ca00, 0x000000000320cd30]
Event: 101.868 Thread 0x0000000015fd8000 3334       1       sun.reflect.generics.tree.TypeVariableSignature::getIdentifier (5 bytes)
Event: 101.869 Thread 0x0000000015fd8000 nmethod 3334 0x000000000320ce50 code [0x000000000320cfa0, 0x000000000320d0b0]
Event: 101.869 Thread 0x0000000015fd8000 3335       1       sun.reflect.generics.factory.CoreReflectionFactory::getScope (5 bytes)
Event: 101.869 Thread 0x0000000015fd8000 nmethod 3335 0x000000000320d110 code [0x000000000320d260, 0x000000000320d370]

GC Heap History (10 events):
Event: 56.929 GC heap before
{Heap before GC invocations=5 (full 1):
 PSYoungGen      total 38400K, used 5099K [0x00000000e0000000, 0x00000000e2a80000, 0x0000000100000000)
  eden space 33280K, 0% used [0x00000000e0000000,0x00000000e0000000,0x00000000e2080000)
  from space 5120K, 99% used [0x00000000e2580000,0x00000000e2a7afe0,0x00000000e2a80000)
  to   space 5120K, 0% used [0x00000000e2080000,0x00000000e2080000,0x00000000e2580000)
 ParOldGen       total 87552K, used 7470K [0x00000000a0000000, 0x00000000a5580000, 0x00000000e0000000)
  object space 87552K, 8% used [0x00000000a0000000,0x00000000a074b8b8,0x00000000a5580000)
 Metaspace       used 20829K, capacity 21100K, committed 21296K, reserved 1067008K
  class space    used 2755K, capacity 2865K, committed 2944K, reserved 1048576K
Event: 57.015 GC heap after
Heap after GC invocations=5 (full 1):
 PSYoungGen      total 38400K, used 0K [0x00000000e0000000, 0x00000000e2a80000, 0x0000000100000000)
  eden space 33280K, 0% used [0x00000000e0000000,0x00000000e0000000,0x00000000e2080000)
  from space 5120K, 0% used [0x00000000e2580000,0x00000000e2580000,0x00000000e2a80000)
  to   space 5120K, 0% used [0x00000000e2080000,0x00000000e2080000,0x00000000e2580000)
 ParOldGen       total 47616K, used 8968K [0x00000000a0000000, 0x00000000a2e80000, 0x00000000e0000000)
  object space 47616K, 18% used [0x00000000a0000000,0x00000000a08c2300,0x00000000a2e80000)
 Metaspace       used 20829K, capacity 21100K, committed 21296K, reserved 1067008K
  class space    used 2755K, capacity 2865K, committed 2944K, reserved 1048576K
}
Event: 61.714 GC heap before
{Heap before GC invocations=6 (full 1):
 PSYoungGen      total 38400K, used 33280K [0x00000000e0000000, 0x00000000e2a80000, 0x0000000100000000)
  eden space 33280K, 100% used [0x00000000e0000000,0x00000000e2080000,0x00000000e2080000)
  from space 5120K, 0% used [0x00000000e2580000,0x00000000e2580000,0x00000000e2a80000)
  to   space 5120K, 0% used [0x00000000e2080000,0x00000000e2080000,0x00000000e2580000)
 ParOldGen       total 47616K, used 8968K [0x00000000a0000000, 0x00000000a2e80000, 0x00000000e0000000)
  object space 47616K, 18% used [0x00000000a0000000,0x00000000a08c2300,0x00000000a2e80000)
 Metaspace       used 23925K, capacity 24234K, committed 24320K, reserved 1071104K
  class space    used 3208K, capacity 3326K, committed 3328K, reserved 1048576K
Event: 61.722 GC heap after
Heap after GC invocations=6 (full 1):
 PSYoungGen      total 37888K, used 4757K [0x00000000e0000000, 0x00000000e3500000, 0x0000000100000000)
  eden space 32768K, 0% used [0x00000000e0000000,0x00000000e0000000,0x00000000e2000000)
  from space 5120K, 92% used [0x00000000e2080000,0x00000000e2525638,0x00000000e2580000)
  to   space 10752K, 0% used [0x00000000e2a80000,0x00000000e2a80000,0x00000000e3500000)
 ParOldGen       total 47616K, used 8976K [0x00000000a0000000, 0x00000000a2e80000, 0x00000000e0000000)
  object space 47616K, 18% used [0x00000000a0000000,0x00000000a08c4300,0x00000000a2e80000)
 Metaspace       used 23925K, capacity 24234K, committed 24320K, reserved 1071104K
  class space    used 3208K, capacity 3326K, committed 3328K, reserved 1048576K
}
Event: 63.615 GC heap before
{Heap before GC invocations=7 (full 1):
 PSYoungGen      total 37888K, used 37525K [0x00000000e0000000, 0x00000000e3500000, 0x0000000100000000)
  eden space 32768K, 100% used [0x00000000e0000000,0x00000000e2000000,0x00000000e2000000)
  from space 5120K, 92% used [0x00000000e2080000,0x00000000e2525638,0x00000000e2580000)
  to   space 10752K, 0% used [0x00000000e2a80000,0x00000000e2a80000,0x00000000e3500000)
 ParOldGen       total 47616K, used 8976K [0x00000000a0000000, 0x00000000a2e80000, 0x00000000e0000000)
  object space 47616K, 18% used [0x00000000a0000000,0x00000000a08c4300,0x00000000a2e80000)
 Metaspace       used 26058K, capacity 26368K, committed 26496K, reserved 1073152K
  class space    used 3591K, capacity 3693K, committed 3712K, reserved 1048576K
Event: 63.646 GC heap after
Heap after GC invocations=7 (full 1):
 PSYoungGen      total 41472K, used 5184K [0x00000000e0000000, 0x00000000e3380000, 0x0000000100000000)
  eden space 32256K, 0% used [0x00000000e0000000,0x00000000e0000000,0x00000000e1f80000)
  from space 9216K, 56% used [0x00000000e2a80000,0x00000000e2f90200,0x00000000e3380000)
  to   space 10240K, 0% used [0x00000000e1f80000,0x00000000e1f80000,0x00000000e2980000)
 ParOldGen       total 47616K, used 8976K [0x00000000a0000000, 0x00000000a2e80000, 0x00000000e0000000)
  object space 47616K, 18% used [0x00000000a0000000,0x00000000a08c4300,0x00000000a2e80000)
 Metaspace       used 26058K, capacity 26368K, committed 26496K, reserved 1073152K
  class space    used 3591K, capacity 3693K, committed 3712K, reserved 1048576K
}
Event: 68.505 GC heap before
{Heap before GC invocations=8 (full 1):
 PSYoungGen      total 41472K, used 37440K [0x00000000e0000000, 0x00000000e3380000, 0x0000000100000000)
  eden space 32256K, 100% used [0x00000000e0000000,0x00000000e1f80000,0x00000000e1f80000)
  from space 9216K, 56% used [0x00000000e2a80000,0x00000000e2f90200,0x00000000e3380000)
  to   space 10240K, 0% used [0x00000000e1f80000,0x00000000e1f80000,0x00000000e2980000)
 ParOldGen       total 47616K, used 8976K [0x00000000a0000000, 0x00000000a2e80000, 0x00000000e0000000)
  object space 47616K, 18% used [0x00000000a0000000,0x00000000a08c4300,0x00000000a2e80000)
 Metaspace       used 28706K, capacity 29152K, committed 29440K, reserved 1075200K
  class space    used 3902K, capacity 4045K, committed 4096K, reserved 1048576K
Event: 68.511 GC heap after
Heap after GC invocations=8 (full 1):
 PSYoungGen      total 37376K, used 5238K [0x00000000e0000000, 0x00000000e3200000, 0x0000000100000000)
  eden space 31744K, 0% used [0x00000000e0000000,0x00000000e0000000,0x00000000e1f00000)
  from space 5632K, 93% used [0x00000000e1f80000,0x00000000e249da30,0x00000000e2500000)
  to   space 9728K, 0% used [0x00000000e2880000,0x00000000e2880000,0x00000000e3200000)
 ParOldGen       total 47616K, used 9048K [0x00000000a0000000, 0x00000000a2e80000, 0x00000000e0000000)
  object space 47616K, 19% used [0x00000000a0000000,0x00000000a08d6310,0x00000000a2e80000)
 Metaspace       used 28706K, capacity 29152K, committed 29440K, reserved 1075200K
  class space    used 3902K, capacity 4045K, committed 4096K, reserved 1048576K
}
Event: 99.941 GC heap before
{Heap before GC invocations=9 (full 1):
 PSYoungGen      total 37376K, used 36982K [0x00000000e0000000, 0x00000000e3200000, 0x0000000100000000)
  eden space 31744K, 100% used [0x00000000e0000000,0x00000000e1f00000,0x00000000e1f00000)
  from space 5632K, 93% used [0x00000000e1f80000,0x00000000e249da30,0x00000000e2500000)
  to   space 9728K, 0% used [0x00000000e2880000,0x00000000e2880000,0x00000000e3200000)
 ParOldGen       total 47616K, used 9048K [0x00000000a0000000, 0x00000000a2e80000, 0x00000000e0000000)
  object space 47616K, 19% used [0x00000000a0000000,0x00000000a08d6310,0x00000000a2e80000)
 Metaspace       used 29431K, capacity 29878K, committed 30080K, reserved 1075200K
  class space    used 3989K, capacity 4115K, committed 4224K, reserved 1048576K
Event: 99.963 GC heap after
Heap after GC invocations=9 (full 1):
 PSYoungGen      total 40448K, used 5178K [0x00000000e0000000, 0x00000000e3180000, 0x0000000100000000)
  eden space 31232K, 0% used [0x00000000e0000000,0x00000000e0000000,0x00000000e1e80000)
  from space 9216K, 56% used [0x00000000e2880000,0x00000000e2d8eb28,0x00000000e3180000)
  to   space 9728K, 0% used [0x00000000e1e80000,0x00000000e1e80000,0x00000000e2800000)
 ParOldGen       total 47616K, used 9056K [0x00000000a0000000, 0x00000000a2e80000, 0x00000000e0000000)
  object space 47616K, 19% used [0x00000000a0000000,0x00000000a08d8310,0x00000000a2e80000)
 Metaspace       used 29431K, capacity 29878K, committed 30080K, reserved 1075200K
  class space    used 3989K, capacity 4115K, committed 4224K, reserved 1048576K
}

Deoptimization events (10 events):
Event: 100.053 Thread 0x0000000018bbc800 Uncommon trap: reason=unstable_if action=reinterpret pc=0x00000000030f59c8 method=java.util.regex.Pattern$CharProperty.match(Ljava/util/regex/Matcher;ILjava/lang/CharSequence;)Z @ 40
Event: 100.057 Thread 0x00000000186cb000 Uncommon trap: reason=unstable_if action=reinterpret pc=0x0000000003183a08 method=java.util.concurrent.locks.ReentrantLock$Sync.nonfairTryAcquire(I)Z @ 34
Event: 100.483 Thread 0x0000000018bbc800 Uncommon trap: reason=bimorphic action=maybe_recompile pc=0x0000000002e5b69c method=java.lang.ClassLoader.getPackage(Ljava/lang/String;)Ljava/lang/Package; @ 47
Event: 100.483 Thread 0x0000000018bbc800 Uncommon trap: reason=bimorphic action=maybe_recompile pc=0x0000000002e5b69c method=java.lang.ClassLoader.getPackage(Ljava/lang/String;)Ljava/lang/Package; @ 47
Event: 100.483 Thread 0x0000000018bbc800 Uncommon trap: reason=bimorphic action=maybe_recompile pc=0x0000000002e5b69c method=java.lang.ClassLoader.getPackage(Ljava/lang/String;)Ljava/lang/Package; @ 47
Event: 100.483 Thread 0x0000000018bbc800 Uncommon trap: reason=bimorphic action=maybe_recompile pc=0x0000000002e5b69c method=java.lang.ClassLoader.getPackage(Ljava/lang/String;)Ljava/lang/Package; @ 47
Event: 100.703 Thread 0x0000000018bbc800 Uncommon trap: reason=unstable_if action=reinterpret pc=0x0000000002ee9690 method=java.lang.Integer.valueOf(I)Ljava/lang/Integer; @ 3
Event: 101.262 Thread 0x0000000018bbc800 Uncommon trap: reason=bimorphic action=maybe_recompile pc=0x0000000003187c28 method=java.security.MessageDigest$Delegate.engineUpdate([BII)V @ 7
Event: 101.263 Thread 0x0000000018bbc800 Uncommon trap: reason=bimorphic action=maybe_recompile pc=0x0000000003187c28 method=java.security.MessageDigest$Delegate.engineUpdate([BII)V @ 7
Event: 101.263 Thread 0x0000000018bbc800 Uncommon trap: reason=bimorphic action=maybe_recompile pc=0x0000000003184150 method=sun.security.provider.DigestBase.engineUpdate([BII)V @ 128

Internal exceptions (10 events):
Event: 100.044 Thread 0x0000000018bbc800 Exception <a 'java/lang/ClassNotFoundException': org/gradle/api/internal/file/FileOperationsBeanInfo> (0x00000000e049f450) thrown at [C:\src\android\AOSP-openjdk\external\jetbrains\jdk\hotspot\src\share\vm\classfile\systemDictionary.cpp, line 210]
Event: 100.046 Thread 0x0000000018bbc800 Exception <a 'java/lang/ClassNotFoundException': org/gradle/api/internal/file/FileOperationsCustomizer> (0x00000000e04c7720) thrown at [C:\src\android\AOSP-openjdk\external\jetbrains\jdk\hotspot\src\share\vm\classfile\systemDictionary.cpp, line 210]
Event: 100.050 Thread 0x0000000018bbc800 Exception <a 'java/lang/ClassNotFoundException': org/gradle/api/internal/ProcessOperationsBeanInfo> (0x00000000e050acf0) thrown at [C:\src\android\AOSP-openjdk\external\jetbrains\jdk\hotspot\src\share\vm\classfile\systemDictionary.cpp, line 210]
Event: 100.051 Thread 0x0000000018bbc800 Exception <a 'java/lang/ClassNotFoundException': org/gradle/api/internal/ProcessOperationsCustomizer> (0x00000000e0532588) thrown at [C:\src\android\AOSP-openjdk\external\jetbrains\jdk\hotspot\src\share\vm\classfile\systemDictionary.cpp, line 210]
Event: 100.455 Thread 0x0000000018bbc800 Exception <a 'java/lang/ClassNotFoundException': build_9xsaemr3irdp7ccipmn6kqjbkBeanInfo> (0x00000000e067c6c0) thrown at [C:\src\android\AOSP-openjdk\external\jetbrains\jdk\hotspot\src\share\vm\classfile\systemDictionary.cpp, line 210]
Event: 100.456 Thread 0x0000000018bbc800 Exception <a 'java/lang/ClassNotFoundException': build_9xsaemr3irdp7ccipmn6kqjbkCustomizer> (0x00000000e068c8f0) thrown at [C:\src\android\AOSP-openjdk\external\jetbrains\jdk\hotspot\src\share\vm\classfile\systemDictionary.cpp, line 210]
Event: 100.466 Thread 0x0000000018bbc800 Exception <a 'java/lang/ClassNotFoundException': org/gradle/api/internal/plugins/DefaultObjectConfigurationActionBeanInfo> (0x00000000e06e6598) thrown at [C:\src\android\AOSP-openjdk\external\jetbrains\jdk\hotspot\src\share\vm\classfile\systemDictionary.cpöe@PâY@
Event: 100.467 Thread 0x0000000018bbc800 Exception <a 'java/lang/ClassNotFoundException': org/gradle/api/internal/plugins/DefaultObjectConfigurationActionCustomizer> (0x00000000e0715f48) thrown at [C:\src\android\AOSP-openjdk\external\jetbrains\jdk\hotspot\src\share\vm\classfile\systemDictionary.MêYV'Y@
Event: 100.471 Thread 0x0000000018bbc800 Exception <a 'java/lang/ClassNotFoundException': org/gradle/api/plugins/ObjectConfigurationActionBeanInfo> (0x00000000e0754988) thrown at [C:\src\android\AOSP-openjdk\external\jetbrains\jdk\hotspot\src\share\vm\classfile\systemDictionary.cpp, line 210]
Event: 100.473 Thread 0x0000000018bbc800 Exception <a 'java/lang/ClassNotFoundException': org/gradle/api/plugins/ObjectConfigurationActionCustomizer> (0x00000000e077c9f8) thrown at [C:\src\android\AOSP-openjdk\external\jetbrains\jdk\hotspot\src\share\vm\classfile\systemDictionary.cpp, line 210]

Events (10 events):
Event: 101.862 loading class org/gradle/api/plugins/BasePlugin$2
Event: 101.862 loading class org/gradle/api/plugins/BasePlugin$2 done
Event: 101.863 loading class org/gradle/api/internal/artifacts/ivyservice/projectmodule/ProjectPublication
Event: 101.863 loading class org/gradle/api/internal/artifacts/ivyservice/projectmodule/ProjectPublication done
Event: 101.863 loading class org/gradle/api/plugins/BasePlugin$1
Event: 101.863 loading class org/gradle/api/plugins/BasePlugin$1 done
Event: 101.864 loading class org/gradle/api/internal/tasks/RealizableTaskCollection
Event: 101.864 loading class org/gradle/api/internal/tasks/RealizableTaskCollection done
Event: 101.876 loading class org/gradle/internal/Actions$FilteredAction
Event: 101.876 loading class org/gradle/internal/Actions$FilteredAction done


Dynamic libraries:
0x00007ff7cd820000 - 0x00007ff7cd851000 	C:\Program Files\Android\Android Studio\jre\bin\java.exe
0x00007ff804e90000 - 0x00007ff805061000 	C:\Windows\SYSTEM32\ntdll.dll
0x00007ff804470000 - 0x00007ff80451b000 	C:\Windows\System32\KERNEL32.DLL
0x00007ff801420000 - 0x00007ff80163d000 	C:\Windows\System32\KERNELBASE.dll
0x00007ff803d70000 - 0x00007ff803e12000 	C:\Windows\System32\ADVAPI32.dll
0x00007ff803e90000 - 0x00007ff803f2e000 	C:\Windows\System32\msvcrt.dll
0x00007ff803f30000 - 0x00007ff803f89000 	C:\Windows\System32\sechost.dll
0x00007ff804660000 - 0x00007ff804781000 	C:\Windows\System32\RPCRT4.dll
0x00007ff8026f0000 - 0x00007ff802855000 	C:\Windows\System32\USER32.dll
0x00007ff8022e0000 - 0x00007ff8022fe000 	C:\Windows\System32\win32u.dll
0x00007ff804790000 - 0x00007ff8047c4000 	C:\Windows\System32\GDI32.dll
0x00007ff802150000 - 0x00007ff8022d2000 	C:\Windows\System32\gdi32full.dll
0x00007ffffa340000 - 0x00007ffffa5b9000 	C:\Windows\WinSxS\amd64_microsoft.windows.common-controls_6595b64144ccf1df_6.0.14393.0_none_2d0f50fcbdb171b8\COMCTL32.dll
0x00007ff8047d0000 - 0x00007ff804a97000 	C:\Windows\System32\combase.dll
0x00007ff801dd0000 - 0x00007ff801ec5000 	C:\Windows\System32\ucrtbase.dll
0x00007ff802300000 - 0x00007ff80236a000 	C:\Windows\System32\bcryptPrimitives.dll
0x00007ff804440000 - 0x00007ff80446e000 	C:\Windows\System32\IMM32.DLL
0x000000005ab00000 - 0x000000005abd2000 	C:\Program Files\Android\Android Studio\jre\jre\bin\msvcr100.dll
0x000000005a090000 - 0x000000005a8cc000 	C:\Program Files\Android\Android Studio\jre\jre\bin\server\jvm.dll
0x00007ff803e20000 - 0x00007ff803e28000 	C:\Windows\System32\PSAPI.DLL
0x00007ffffbae0000 - 0x00007ffffbae9000 	C:\Windows\SYSTEM32\WSOCK32.dll
0x00007fffff880000 - 0x00007fffff8a3000 	C:\Windows\SYSTEM32\WINMM.dll
0x00007ffffd100000 - 0x00007ffffd10a000 	C:\Windows\SYSTEM32\VERSION.dll
0x00007fffff850000 - 0x00007fffff87b000 	C:\Windows\SYSTEM32\WINMMBASE.dll
0x00007ff801640000 - 0x00007ff801682000 	C:\Windows\System32\cfgmgr32.dll
0x00007ff8043c0000 - 0x00007ff80442a000 	C:\Windows\System32\WS2_32.dll
0x00007ffffe480000 - 0x00007ffffe48f000 	C:\Program Files\Android\Android Studio\jre\jre\bin\verify.dll
0x00007ffff54e0000 - 0x00007ffff5509000 	C:\Program Files\Android\Android Studio\jre\jre\bin\java.dll
0x00007ffff7210000 - 0x00007ffff7226000 	C:\Program Files\Android\Android Studio\jre\jre\bin\zip.dll
0x00007ff802860000 - 0x00007ff803d68000 	C:\Windows\System32\SHELL32.dll
0x00007ff8016f0000 - 0x00007ff801dca000 	C:\Windows\System32\windows.storage.dll
0x00007ff8013c0000 - 0x00007ff80140c000 	C:\Windows\System32\powrprof.dll
0x00007ff803e30000 - 0x00007ff803e82000 	C:\Windows\System32\shlwapi.dll
0x00007ff801410000 - 0x00007ff80141f000 	C:\Windows\System32\kernel.appcore.dll
0x00007ff8020a0000 - 0x00007ff802149000 	C:\Windows\System32\shcore.dll
0x00007ff801390000 - 0x00007ff8013a4000 	C:\Windows\System32\profapi.dll
0x00007ffff7070000 - 0x00007ffff708a000 	C:\Program Files\Android\Android Studio\jre\jre\bin\net.dll
0x00007ff800c60000 - 0x00007ff800cbc000 	C:\Windows\system32\mswsock.dll
0x00007ffff5b60000 - 0x00007ffff5b71000 	C:\Program Files\Android\Android Studio\jre\jre\bin\nio.dll
0x00007ffffda60000 - 0x00007ffffda7e000 	C:\Users\manojm\.gradle\native\23\windows-amd64\native-platform.dll
0x00007ff800e10000 - 0x00007ff800e27000 	C:\Windows\SYSTEM32\CRYPTSP.dll
0x00007ff800880000 - 0x00007ff8008b3000 	C:\Windows\system32\rsaenh.dll
0x00007ff8012d0000 - 0x00007ff8012fb000 	C:\Windows\SYSTEM32\bcrypt.dll
0x00007ff800ae0000 - 0x00007ff800aff000 	C:\Windows\SYSTEM32\USERENV.dll
0x00007ff800e00000 - 0x00007ff800e0b000 	C:\Windows\SYSTEM32\CRYPTBASE.dll
0x00007ff8009f0000 - 0x00007ff800a28000 	C:\Windows\SYSTEM32\IPHLPAPI.DLL
0x00007ff804430000 - 0x00007ff804438000 	C:\Windows\System32\NSI.dll
0x00007ffffdee0000 - 0x00007ffffdef6000 	C:\Windows\SYSTEM32\dhcpcsvc6.DLL
0x00007ffffde70000 - 0x00007ffffde8a000 	C:\Windows\SYSTEM32\dhcpcsvc.DLL
0x00007ffff71d0000 - 0x00007ffff71dd000 	C:\Program Files\Android\Android Studio\jre\jre\bin\management.dll

VM Arguments:
jvm_args: -Xmx1536m -Dfile.encoding=windows-1252 -Duser.country=US -Duser.language=en -Duser.variant 
java_command: org.gradle.launcher.daemon.bootstrap.GradleDaemon 3.3
java_class_path (initial): C:\Users\manojm\.gradle\wrapper\dists\gradle-3.3-all\55gk2rcmfc6p2dg9u9ohc3hw9\gradle-3.3\lib\gradle-launcher-3.3.jar
Launcher Type: SUN_STANDARD

Environment Variables:
JAVA_HOME=C:\Program Files\Java\jdk1.8.0_144\bin
PATH=C:\ProgramData\Oracle\Java\javapath;C:\Program Files (x86)\NVIDIA Corporation\PhysX\Common;C:\Windows\system32;C:\Windows;C:\Windows\System32\Wbem;C:\Windows\System32\WindowsPowerShell\v1.0\;C:\Windows\system32\config\systemprofile\.dnx\bin;C:\Program Files\Microsoft DNX\Dnvm\;C:\Program Files\Microsoft SQL Server\120\Tools\Binn\;C:\Program Files\Microsoft SQL Server\130\Tools\Binn\;C:\Program Files (x86)\Microsoft Emulator Manager\1.0\;C:\Program Files (x86)\nodejs\;C:\Program Files\Git\cmd;C:\Program Files (x86)\Windows Kits\10\Windows Performance Toolkit\;C:\Program Files\Microsoft SQL Server\110\Tools\Binn\;C:\Program Files (x86)\Microsoft SQL Server\110\Tools\Binn\ManagementStudio\;C:\Program Files (x86)\Microsoft SQL Server\110\Tools\Binn\;C:\Program Files (x86)\Microsoft Visual Studio 10.0\Common7\IDE\PrivateAssemblies\;C:\Program Files (x86)\Microsoft SQL Server\110\DTS\Binn\;C:\Program Files\Microsoft SQL Server\110\DTS\Binn\;C:\Program Files (x86)\Kaspersky Lab\Kaspersky Endpoint Security 10 for Windows SP1\;C:\Program Files (x86)\Microsoft SQL Server\100\Tools\Binn\;C:\Program Files\Microsoft SQL Server\100\Tools\Binn\;C:\Program Files\Microsoft SQL Server\100\DTS\Binn\;C:\Users\manojm\AppData\Local\Microsoft\WindowsApps;
USERNAME=manojm
OS=Windows_NT
PROCESSOR_IDENTIFIER=Intel64 Family 6 Model 42 Stepping 7, GenuineIntel



---------------  S Y S T E M  ---------------

OS: Windows 10.0 , 64 bit Build 14393 (10.0.14393.0)

CPU:total 4 (2 cores per cpu, 2 threads per core) family 6 model 42 stepping 7, cmov, cx8, fxsr, mmx, sse, sse2, sse3, ssse3, sse4.1, sse4.2, popcnt, avx, clmul, ht, tsc, tscinvbit

Memory: 4k page, physical 8360896k(1361120k free), swap 8360896k(4800k free)

vm_info: OpenJDK 64-Bit Server VM (25.112-b06) for windows-amd64 JRE (1.8.0_112-release-b06), built on Dec  8 2016 00:54:26 by "builder" with MS VC++ 10.0 (VS2010)

time: Thu Nov 09 14:41:47 2017
elapsed time: 101 seconds (0d 0h 1m 41s)

